[2022-08-20 17:35:12,254] root - INFO - Training pipeline config: TrainingPipelineConfig(artifactdir='D:\\Shubham\\Ineuron Session\\ML Projects\\Machine_Leraning_Project_1\\housing\\artifact')
[2022-08-20 17:35:18,892] root - INFO - Data ingestion Config: DataIngestionConfig(dataset_download_url='https://github.com/shubhamkambleX/Data-Science-Material/raw/main/Thyroid_Dataset.tgz', tgz_download_dir='D:\\Shubham\\Ineuron Session\\ML Projects\\Machine_Leraning_Project_1\\housing\\artifact\\data_ingestion\\2022-08-20-17-35-10\\tgz_data', raw_data_dir='D:\\Shubham\\Ineuron Session\\ML Projects\\Machine_Leraning_Project_1\\housing\\artifact\\data_ingestion\\2022-08-20-17-35-10\\raw_data', ingested_train_dir='D:\\Shubham\\Ineuron Session\\ML Projects\\Machine_Leraning_Project_1\\housing\\artifact\\data_ingestion\\2022-08-20-17-35-10\\ingested_data\\train', ingested_test_dir='D:\\Shubham\\Ineuron Session\\ML Projects\\Machine_Leraning_Project_1\\housing\\artifact\\data_ingestion\\2022-08-20-17-35-10\\ingested_data\\test')
[2022-08-20 17:35:18,894] root - INFO - ********************Data Ingestion log Started. ******************** 
[2022-08-20 17:35:18,898] root - INFO - Downloading file from :[https://github.com/shubhamkambleX/Data-Science-Material/raw/main/Thyroid_Dataset.tgz] into :[D:\Shubham\Ineuron Session\ML Projects\Machine_Leraning_Project_1\housing\artifact\data_ingestion\2022-08-20-17-35-10\tgz_data\Thyroid_Dataset.tgz]
[2022-08-20 17:35:20,172] root - INFO - File :[D:\Shubham\Ineuron Session\ML Projects\Machine_Leraning_Project_1\housing\artifact\data_ingestion\2022-08-20-17-35-10\tgz_data\Thyroid_Dataset.tgz] has been downloaded successfully.
[2022-08-20 17:35:20,178] root - INFO - Extracting the tgz files: [D:\Shubham\Ineuron Session\ML Projects\Machine_Leraning_Project_1\housing\artifact\data_ingestion\2022-08-20-17-35-10\tgz_data\Thyroid_Dataset.tgz] into dir [D:\Shubham\Ineuron Session\ML Projects\Machine_Leraning_Project_1\housing\artifact\data_ingestion\2022-08-20-17-35-10\raw_data]
[2022-08-20 17:35:20,190] root - INFO - Extraction completd
[2022-08-20 17:35:20,190] root - INFO - Reading the CSV file: [D:\Shubham\Ineuron Session\ML Projects\Machine_Leraning_Project_1\housing\artifact\data_ingestion\2022-08-20-17-35-10\raw_data\Thyroid_Dataset.csv]
[2022-08-20 17:35:20,240] root - INFO - Exporting the training dataset to file: [D:\Shubham\Ineuron Session\ML Projects\Machine_Leraning_Project_1\housing\artifact\data_ingestion\2022-08-20-17-35-10\ingested_data\train\Thyroid_Dataset.csv] 
[2022-08-20 17:35:20,291] root - INFO - Exporting the test dataset to file : [D:\Shubham\Ineuron Session\ML Projects\Machine_Leraning_Project_1\housing\artifact\data_ingestion\2022-08-20-17-35-10\ingested_data\test\Thyroid_Dataset.csv] 
[2022-08-20 17:35:20,304] root - INFO - Data Ingestion Artifact: [DataIngestionArtifact(train_file_path='D:\\Shubham\\Ineuron Session\\ML Projects\\Machine_Leraning_Project_1\\housing\\artifact\\data_ingestion\\2022-08-20-17-35-10\\ingested_data\\train\\Thyroid_Dataset.csv', test_file_path='D:\\Shubham\\Ineuron Session\\ML Projects\\Machine_Leraning_Project_1\\housing\\artifact\\data_ingestion\\2022-08-20-17-35-10\\ingested_data\\test\\Thyroid_Dataset.csv', is_ingested=True, message='Data Ingestion Successfully Completed.')]
[2022-08-20 17:35:20,306] root - INFO - ==================== Data Ingestion Log Completed. ==================== 
 

[2022-08-20 17:35:22,007] root - INFO - Data Validation Config: DataValidationConfig(schema_file_path='D:\\Shubham\\Ineuron Session\\ML Projects\\Machine_Leraning_Project_1\\config\\schema.yaml', report_file_path='D:\\Shubham\\Ineuron Session\\ML Projects\\Machine_Leraning_Project_1\\housing\\artifact\\data_validation\\2022-08-20-17-35-10\\report.json', report_page_file_path='D:\\Shubham\\Ineuron Session\\ML Projects\\Machine_Leraning_Project_1\\housing\\artifact\\data_validation\\2022-08-20-17-35-10\\report.html')
[2022-08-20 17:35:22,009] root - INFO - >>>>>>>>>>>>>>>>>>>>>>>>>>>>>>>>>>>>>>>>>>>>>>>>>>>>>>>>>>>>Data Valdaition log started.<<<<<<<<<<<<<<<<<<<<<<<<<<<<<<<<<<<<<<<<<<<<<<<<<<<<<<<<<<<< 


[2022-08-20 17:35:22,009] root - INFO - Checking if training and test file is available
[2022-08-20 17:35:22,009] root - INFO - Is train and test file exists?-> True
[2022-08-20 17:35:26,006] root - INFO - Data validation artifact: DataValidationArtifact(schema_file_path='D:\\Shubham\\Ineuron Session\\ML Projects\\Machine_Leraning_Project_1\\config\\schema.yaml', report_file_path='D:\\Shubham\\Ineuron Session\\ML Projects\\Machine_Leraning_Project_1\\housing\\artifact\\data_validation\\2022-08-20-17-35-10\\report.json', report_page_file_path='D:\\Shubham\\Ineuron Session\\ML Projects\\Machine_Leraning_Project_1\\housing\\artifact\\data_validation\\2022-08-20-17-35-10\\report.html', is_validated=True, message='Data Validation performed successully.')
[2022-08-20 17:39:29,339] root - INFO - Data transformation config: DataTransformationConfig(add_bedroom_per_room=True, transformed_train_dir='D:\\Shubham\\Ineuron Session\\ML Projects\\Machine_Leraning_Project_1\\housing\\artifact\\data_transformation\\2022-08-20-17-35-10\\transformed_data\\train', transformed_test_dir='D:\\Shubham\\Ineuron Session\\ML Projects\\Machine_Leraning_Project_1\\housing\\artifact\\data_transformation\\2022-08-20-17-35-10\\transformed_data\\test', preprocessed_object_file_path='D:\\Shubham\\Ineuron Session\\ML Projects\\Machine_Leraning_Project_1\\housing\\artifact\\data_transformation\\2022-08-20-17-35-10\\preprocessed\\preprocessed.pkl')
[2022-08-20 17:40:03,978] root - INFO - >>>>>>>>>>>>>>>>>>>>>>>>>>>>>>>>>>>>>>>>>>>>>>>>>>>>>>>>>>>>Data Transformation log started.<<<<<<<<<<<<<<<<<<<<<<<<<<<<<<<<<<<<<<<<<<<<<<<<<<<<<<<<<<<< 
[2022-08-20 17:40:41,987] root - INFO - Obtaining preprocessing object.
[2022-08-20 17:43:13,612] root - INFO - Categorical columns: ['sex', 'on_thyroxine', 'on_antithyroid_medication', 'sick', 'pregnant', 'thyroid_surgery', 'I131_treatment', 'query_hypothyroid', 'query_hyperthyroid', 'lithium', 'goitre', 'tumor', 'hypopituitary', 'psych', 'referral_source']
[2022-08-20 17:43:47,419] root - INFO - Numerical columns: ['age', 'TSH', 'T3', 'TT4', 'T4U', 'FTI']
[2022-08-20 17:45:50,199] root - INFO - Obtaining training and test file path.
[2022-08-20 17:46:06,870] root - INFO - Loading training and test data as pandas dataframe.
[2022-08-20 17:54:45,862] root - INFO - Splitting input and target feature from training and testing dataframe.
[2022-08-20 17:55:41,345] root - INFO - Applying preprocessing object on training dataframe and testing dataframe
[2022-08-20 18:20:36,387] root - INFO - Saving transformed training and testing array.
[2022-08-20 18:22:51,860] root - INFO - Saving preprocessing object.
[2022-08-20 18:23:59,599] root - INFO - Data transformationa artifact: DataTransformationArtifact(is_transformed=True, message='Data transformation successfull.', transformed_train_file_path='D:\\Shubham\\Ineuron Session\\ML Projects\\Machine_Leraning_Project_1\\housing\\artifact\\data_transformation\\2022-08-20-17-35-10\\transformed_data\\train\\Thyroid_Dataset.npz', transformed_test_file_path='D:\\Shubham\\Ineuron Session\\ML Projects\\Machine_Leraning_Project_1\\housing\\artifact\\data_transformation\\2022-08-20-17-35-10\\transformed_data\\test\\Thyroid_Dataset.npz', preprocessed_object_file_path='D:\\Shubham\\Ineuron Session\\ML Projects\\Machine_Leraning_Project_1\\housing\\artifact\\data_transformation\\2022-08-20-17-35-10\\preprocessed\\preprocessed.pkl')
[2022-08-20 18:24:09,628] root - INFO - Pipeline completed.
